[0813/155215.056:ERROR:minidumpwritedump_with_crashpad_info.cc(435)] Failed to call MiniDumpWriteDump: Solo se completó una parte de una solicitud ReadProcessMemory o WriteProcessMemory. (0x8007012B)
[0813/155215.060:ERROR:minidumpwritedump_with_crashpad_info.cc(592)] Failed to write minidump file
[0813/155215.061:ERROR:crash_report_exception_handler.cc(132)] TryMiniDumpWriteDumpWithCrashpadInfo failed
[0813/155215.091:ERROR:process_memory_win.cc(73)] ReadMemory at 0x4f0000 of 64 bytes failed: Solo se completó una parte de una solicitud ReadProcessMemory o WriteProcessMemory. (0x12B)
[0813/155215.092:WARNING:pe_image_reader.cc(340)] could not read dos header from C:\Program Files\Microsoft\Edge\Application\msedge.exe
[0813/155215.112:ERROR:process_memory_win.cc(73)] ReadMemory at 0x4f0000 of 64 bytes failed: Solo se completó una parte de una solicitud ReadProcessMemory o WriteProcessMemory. (0x12B)
[0813/155215.114:WARNING:pe_image_reader.cc(340)] could not read dos header from C:\Program Files\Microsoft\Edge\Application\msedge.exe
[0813/155215.114:ERROR:process_memory_win.cc(73)] ReadMemory at 0x4f0000 of 64 bytes failed: Solo se completó una parte de una solicitud ReadProcessMemory o WriteProcessMemory. (0x12B)
[0813/155215.116:WARNING:pe_image_reader.cc(340)] could not read dos header from C:\Program Files\Microsoft\Edge\Application\msedge.exe
[0813/155215.116:ERROR:process_memory_win.cc(73)] ReadMemory at 0x2a8bec0 of 44 bytes failed: Solo se completó una parte de una solicitud ReadProcessMemory o WriteProcessMemory. (0x12B)
[0813/155215.116:WARNING:pe_image_annotations_reader.cc(134)] could not read annotations list object in C:\Program Files\Microsoft\Edge\Application\84.0.522.58\msedge_elf.dll
[0813/155215.119:ERROR:process_memory_win.cc(73)] ReadMemory at 0xf090000 of 64 bytes failed: Solo se completó una parte de una solicitud ReadProcessMemory o WriteProcessMemory. (0x12B)
[0813/155215.120:WARNING:pe_image_reader.cc(340)] could not read dos header from C:\Program Files\Microsoft\Edge\Application\84.0.522.58\msedge.dll
[0813/155215.120:ERROR:process_memory_win.cc(73)] ReadMemory at 0xf090000 of 64 bytes failed: Solo se completó una parte de una solicitud ReadProcessMemory o WriteProcessMemory. (0x12B)
[0813/155215.120:WARNING:pe_image_reader.cc(340)] could not read dos header from C:\Program Files\Microsoft\Edge\Application\84.0.522.58\msedge.dll
[0813/155215.290:ERROR:process_memory_win.cc(73)] ReadMemory at 0x4f0000 of 64 bytes failed: Solo se completó una parte de una solicitud ReadProcessMemory o WriteProcessMemory. (0x12B)
[0813/155215.291:WARNING:pe_image_reader.cc(340)] could not read dos header from C:\Program Files\Microsoft\Edge\Application\msedge.exe
[0813/155215.291:ERROR:process_memory_win.cc(73)] ReadMemory at 0x2a8bec0 of 44 bytes failed: Solo se completó una parte de una solicitud ReadProcessMemory o WriteProcessMemory. (0x12B)
[0813/155215.291:WARNING:pe_image_annotations_reader.cc(134)] could not read annotations list object in C:\Program Files\Microsoft\Edge\Application\84.0.522.58\msedge_elf.dll
[0813/155215.292:ERROR:process_memory_win.cc(73)] ReadMemory at 0xf090000 of 64 bytes failed: Solo se completó una parte de una solicitud ReadProcessMemory o WriteProcessMemory. (0x12B)
[0813/155215.292:WARNING:pe_image_reader.cc(340)] could not read dos header from C:\Program Files\Microsoft\Edge\Application\84.0.522.58\msedge.dll
[0813/155215.609:ERROR:process_memory_win.cc(73)] ReadMemory at 0x28a3000 of 53248 bytes failed: Solo se completó una parte de una solicitud ReadProcessMemory o WriteProcessMemory. (0x12B)
[0813/155215.610:ERROR:process_memory_win.cc(73)] ReadMemory at 0x46ef000 of 4096 bytes failed: Solo se completó una parte de una solicitud ReadProcessMemory o WriteProcessMemory. (0x12B)
[0813/155215.610:ERROR:process_memory_win.cc(73)] ReadMemory at 0x4cfe000 of 8192 bytes failed: Solo se completó una parte de una solicitud ReadProcessMemory o WriteProcessMemory. (0x12B)
[0813/155215.610:ERROR:process_memory_win.cc(73)] ReadMemory at 0x4dfa000 of 24576 bytes failed: Solo se completó una parte de una solicitud ReadProcessMemory o WriteProcessMemory. (0x12B)
[0813/155215.611:ERROR:process_memory_win.cc(73)] ReadMemory at 0x4efd000 of 12288 bytes failed: Solo se completó una parte de una solicitud ReadProcessMemory o WriteProcessMemory. (0x12B)
[0813/155215.611:ERROR:process_memory_win.cc(73)] ReadMemory at 0x4ffd000 of 12288 bytes failed: Solo se completó una parte de una solicitud ReadProcessMemory o WriteProcessMemory. (0x12B)
[0813/155215.611:ERROR:process_memory_win.cc(73)] ReadMemory at 0x50fe000 of 8192 bytes failed: Solo se completó una parte de una solicitud ReadProcessMemory o WriteProcessMemory. (0x12B)
[0813/155215.612:ERROR:process_memory_win.cc(73)] ReadMemory at 0x577e000 of 8192 bytes failed: Solo se completó una parte de una solicitud ReadProcessMemory o WriteProcessMemory. (0x12B)
[0813/155215.612:ERROR:process_memory_win.cc(73)] ReadMemory at 0x587d000 of 12288 bytes failed: Solo se completó una parte de una solicitud ReadProcessMemory o WriteProcessMemory. (0x12B)
[0813/155215.613:ERROR:process_memory_win.cc(73)] ReadMemory at 0x597e000 of 8192 bytes failed: Solo se completó una parte de una solicitud ReadProcessMemory o WriteProcessMemory. (0x12B)
[0813/155215.620:ERROR:process_memory_win.cc(73)] ReadMemory at 0x5a7e000 of 8192 bytes failed: Solo se completó una parte de una solicitud ReadProcessMemory o WriteProcessMemory. (0x12B)
[0813/155215.621:ERROR:process_memory_win.cc(73)] ReadMemory at 0x5b7e000 of 8192 bytes failed: Solo se completó una parte de una solicitud ReadProcessMemory o WriteProcessMemory. (0x12B)
[0813/155215.622:ERROR:process_memory_win.cc(73)] ReadMemory at 0x67fe000 of 8192 bytes failed: Solo se completó una parte de una solicitud ReadProcessMemory o WriteProcessMemory. (0x12B)
[0813/155215.624:ERROR:process_memory_win.cc(73)] ReadMemory at 0x783e000 of 8192 bytes failed: Solo se completó una parte de una solicitud ReadProcessMemory o WriteProcessMemory. (0x12B)
[0813/155215.625:ERROR:process_memory_win.cc(73)] ReadMemory at 0x793c000 of 16384 bytes failed: Solo se completó una parte de una solicitud ReadProcessMemory o WriteProcessMemory. (0x12B)
[0813/155215.626:ERROR:process_memory_win.cc(73)] ReadMemory at 0x7afc000 of 16384 bytes failed: Solo se completó una parte de una solicitud ReadProcessMemory o WriteProcessMemory. (0x12B)
[0813/155215.628:ERROR:process_memory_win.cc(73)] ReadMemory at 0x7ef8000 of 32768 bytes failed: Solo se completó una parte de una solicitud ReadProcessMemory o WriteProcessMemory. (0x12B)
[0813/155215.632:ERROR:process_memory_win.cc(73)] ReadMemory at 0x8e3c000 of 16384 bytes failed: Solo se completó una parte de una solicitud ReadProcessMemory o WriteProcessMemory. (0x12B)
[0813/155215.638:ERROR:process_memory_win.cc(73)] ReadMemory at 0xe0258 of 24 bytes failed: Solo se completó una parte de una solicitud ReadProcessMemory o WriteProcessMemory. (0x12B)
[0813/155215.639:ERROR:process_memory_win.cc(73)] ReadMemory at 0x325000 of 560 bytes failed: Solo se completó una parte de una solicitud ReadProcessMemory o WriteProcessMemory. (0x12B)
[0813/155215.641:ERROR:process_memory_win.cc(73)] ReadMemory at 0x326000 of 3992 bytes failed: Solo se completó una parte de una solicitud ReadProcessMemory o WriteProcessMemory. (0x12B)
[0813/155215.642:ERROR:process_memory_win.cc(73)] ReadMemory at 0x327000 of 3992 bytes failed: Solo se completó una parte de una solicitud ReadProcessMemory o WriteProcessMemory. (0x12B)
[0813/155215.642:ERROR:process_memory_win.cc(73)] ReadMemory at 0x328000 of 3992 bytes failed: Solo se completó una parte de una solicitud ReadProcessMemory o WriteProcessMemory. (0x12B)
[0813/155215.643:ERROR:process_memory_win.cc(73)] ReadMemory at 0x329000 of 3992 bytes failed: Solo se completó una parte de una solicitud ReadProcessMemory o WriteProcessMemory. (0x12B)
[0813/155215.643:ERROR:process_memory_win.cc(73)] ReadMemory at 0x32a000 of 3992 bytes failed: Solo se completó una parte de una solicitud ReadProcessMemory o WriteProcessMemory. (0x12B)
[0813/155215.645:ERROR:process_memory_win.cc(73)] ReadMemory at 0x32b000 of 3992 bytes failed: Solo se completó una parte de una solicitud ReadProcessMemory o WriteProcessMemory. (0x12B)
[0813/155215.647:ERROR:process_memory_win.cc(73)] ReadMemory at 0x32c000 of 3992 bytes failed: Solo se completó una parte de una solicitud ReadProcessMemory o WriteProcessMemory. (0x12B)
[0813/155215.648:ERROR:process_memory_win.cc(73)] ReadMemory at 0x32d000 of 3992 bytes failed: Solo se completó una parte de una solicitud ReadProcessMemory o WriteProcessMemory. (0x12B)
[0813/155215.648:ERROR:process_memory_win.cc(73)] ReadMemory at 0x32e000 of 3992 bytes failed: Solo se completó una parte de una solicitud ReadProcessMemory o WriteProcessMemory. (0x12B)
[0813/155215.698:ERROR:process_memory_win.cc(73)] ReadMemory at 0x32f000 of 3992 bytes failed: Solo se completó una parte de una solicitud ReadProcessMemory o WriteProcessMemory. (0x12B)
[0813/155215.702:ERROR:process_memory_win.cc(73)] ReadMemory at 0x330000 of 3992 bytes failed: Solo se completó una parte de una solicitud ReadProcessMemory o WriteProcessMemory. (0x12B)
[0813/155215.704:ERROR:process_memory_win.cc(73)] ReadMemory at 0x331000 of 3992 bytes failed: Solo se completó una parte de una solicitud ReadProcessMemory o WriteProcessMemory. (0x12B)
[0813/155215.709:ERROR:process_memory_win.cc(73)] ReadMemory at 0x333000 of 3992 bytes failed: Solo se completó una parte de una solicitud ReadProcessMemory o WriteProcessMemory. (0x12B)
[0813/155215.709:ERROR:process_memory_win.cc(73)] ReadMemory at 0x334000 of 3992 bytes failed: Solo se completó una parte de una solicitud ReadProcessMemory o WriteProcessMemory. (0x12B)
[0813/155215.710:ERROR:process_memory_win.cc(73)] ReadMemory at 0x335000 of 3992 bytes failed: Solo se completó una parte de una solicitud ReadProcessMemory o WriteProcessMemory. (0x12B)
[0813/155215.711:ERROR:process_memory_win.cc(73)] ReadMemory at 0x336000 of 3992 bytes failed: Solo se completó una parte de una solicitud ReadProcessMemory o WriteProcessMemory. (0x12B)
[0813/155215.711:ERROR:process_memory_win.cc(73)] ReadMemory at 0x337000 of 3992 bytes failed: Solo se completó una parte de una solicitud ReadProcessMemory o WriteProcessMemory. (0x12B)
[0813/155215.712:ERROR:process_memory_win.cc(73)] ReadMemory at 0x338000 of 3992 bytes failed: Solo se completó una parte de una solicitud ReadProcessMemory o WriteProcessMemory. (0x12B)
[0813/155215.712:ERROR:process_memory_win.cc(73)] ReadMemory at 0x28e0258 of 24 bytes failed: Solo se completó una parte de una solicitud ReadProcessMemory o WriteProcessMemory. (0x12B)
[0813/155215.713:ERROR:process_memory_win.cc(73)] ReadMemory at 0x2920258 of 24 bytes failed: Solo se completó una parte de una solicitud ReadProcessMemory o WriteProcessMemory. (0x12B)
[0813/155215.713:ERROR:process_memory_win.cc(73)] ReadMemory at 0x2a80258 of 24 bytes failed: Solo se completó una parte de una solicitud ReadProcessMemory o WriteProcessMemory. (0x12B)
[0813/155215.714:ERROR:process_memory_win.cc(73)] ReadMemory at 0x2a80af0 of 3390 bytes failed: Solo se completó una parte de una solicitud ReadProcessMemory o WriteProcessMemory. (0x12B)
[0813/155215.714:ERROR:process_memory_win.cc(73)] ReadMemory at 0x2a81838 of 660 bytes failed: Solo se completó una parte de una solicitud ReadProcessMemory o WriteProcessMemory. (0x12B)
[0813/155215.733:ERROR:process_memory_win.cc(73)] ReadMemory at 0x2a81cfc of 108 bytes failed: Solo se completó una parte de una solicitud ReadProcessMemory o WriteProcessMemory. (0x12B)
[0813/155215.734:ERROR:process_memory_win.cc(73)] ReadMemory at 0x2a81d6a of 824 bytes failed: Solo se completó una parte de una solicitud ReadProcessMemory o WriteProcessMemory. (0x12B)
[0813/155215.734:ERROR:process_memory_win.cc(73)] ReadMemory at 0x2a820a4 of 108 bytes failed: Solo se completó una parte de una solicitud ReadProcessMemory o WriteProcessMemory. (0x12B)
[0813/155215.734:ERROR:process_memory_win.cc(73)] ReadMemory at 0x2a82112 of 98 bytes failed: Solo se completó una parte de una solicitud ReadProcessMemory o WriteProcessMemory. (0x12B)
[0813/155215.735:ERROR:process_memory_win.cc(73)] ReadMemory at 0x2a82180 of 58 bytes failed: Solo se completó una parte de una solicitud ReadProcessMemory o WriteProcessMemory. (0x12B)
[0813/155215.736:ERROR:process_memory_win.cc(73)] ReadMemory at 0x2a82270 of 72 bytes failed: Solo se completó una parte de una solicitud ReadProcessMemory o WriteProcessMemory. (0x12B)
[0813/155215.736:ERROR:process_memory_win.cc(73)] ReadMemory at 0x2a82358 of 72 bytes failed: Solo se completó una parte de una solicitud ReadProcessMemory o WriteProcessMemory. (0x12B)
[0813/155215.736:ERROR:process_memory_win.cc(73)] ReadMemory at 0x2a82788 of 72 bytes failed: Solo se completó una parte de una solicitud ReadProcessMemory o WriteProcessMemory. (0x12B)
[0813/155215.738:ERROR:process_memory_win.cc(73)] ReadMemory at 0x2a82870 of 64 bytes failed: Solo se completó una parte de una solicitud ReadProcessMemory o WriteProcessMemory. (0x12B)
[0813/155215.738:ERROR:process_memory_win.cc(73)] ReadMemory at 0x2a82950 of 72 bytes failed: Solo se completó una parte de una solicitud ReadProcessMemory o WriteProcessMemory. (0x12B)
[0813/155215.739:ERROR:process_memory_win.cc(73)] ReadMemory at 0x2a82a50 of 140 bytes failed: Solo se completó una parte de una solicitud ReadProcessMemory o WriteProcessMemory. (0x12B)
[0813/155215.739:ERROR:process_memory_win.cc(73)] ReadMemory at 0x2a82ae8 of 72 bytes failed: Solo se completó una parte de una solicitud ReadProcessMemory o WriteProcessMemory. (0x12B)
[0813/155215.740:ERROR:process_memory_win.cc(73)] ReadMemory at 0x2a82bd0 of 68 bytes failed: Solo se completó una parte de una solicitud ReadProcessMemory o WriteProcessMemory. (0x12B)
[0813/155215.741:ERROR:process_memory_win.cc(73)] ReadMemory at 0x2a8e008 of 64 bytes failed: Solo se completó una parte de una solicitud ReadProcessMemory o WriteProcessMemory. (0x12B)
[0813/155215.741:ERROR:process_memory_win.cc(73)] ReadMemory at 0x2a8e520 of 132 bytes failed: Solo se completó una parte de una solicitud ReadProcessMemory o WriteProcessMemory. (0x12B)
[0813/155215.741:ERROR:process_memory_win.cc(73)] ReadMemory at 0x2a8e5b0 of 72 bytes failed: Solo se completó una parte de una solicitud ReadProcessMemory o WriteProcessMemory. (0x12B)
[0813/155215.741:ERROR:process_memory_win.cc(73)] ReadMemory at 0x2a8ff90 of 72 bytes failed: Solo se completó una parte de una solicitud ReadProcessMemory o WriteProcessMemory. (0x12B)
[0813/155215.742:ERROR:process_memory_win.cc(73)] ReadMemory at 0x2a90088 of 72 bytes failed: Solo se completó una parte de una solicitud ReadProcessMemory o WriteProcessMemory. (0x12B)
[0813/155215.743:ERROR:process_memory_win.cc(73)] ReadMemory at 0x2a90138 of 80 bytes failed: Solo se completó una parte de una solicitud ReadProcessMemory o WriteProcessMemory. (0x12B)
[0813/155215.743:ERROR:process_memory_win.cc(73)] ReadMemory at 0x2a91ab0 of 72 bytes failed: Solo se completó una parte de una solicitud ReadProcessMemory o WriteProcessMemory. (0x12B)
[0813/155215.744:ERROR:process_memory_win.cc(73)] ReadMemory at 0x2a91db0 of 64 bytes failed: Solo se completó una parte de una solicitud ReadProcessMemory o WriteProcessMemory. (0x12B)
[0813/155215.745:ERROR:process_memory_win.cc(73)] ReadMemory at 0x2a92ba8 of 72 bytes failed: Solo se completó una parte de una solicitud ReadProcessMemory o WriteProcessMemory. (0x12B)
[0813/155215.745:ERROR:process_memory_win.cc(73)] ReadMemory at 0x2a92e80 of 72 bytes failed: Solo se completó una parte de una solicitud ReadProcessMemory o WriteProcessMemory. (0x12B)
[0813/155215.746:ERROR:process_memory_win.cc(73)] ReadMemory at 0x2a933f0 of 72 bytes failed: Solo se completó una parte de una solicitud ReadProcessMemory o WriteProcessMemory. (0x12B)
[0813/155215.746:ERROR:process_memory_win.cc(73)] ReadMemory at 0x2a934a0 of 72 bytes failed: Solo se completó una parte de una solicitud ReadProcessMemory o WriteProcessMemory. (0x12B)
[0813/155215.746:ERROR:process_memory_win.cc(73)] ReadMemory at 0x2a93550 of 64 bytes failed: Solo se completó una parte de una solicitud ReadProcessMemory o WriteProcessMemory. (0x12B)
[0813/155215.746:ERROR:process_memory_win.cc(73)] ReadMemory at 0x2a935a0 of 64 bytes failed: Solo se completó una parte de una solicitud ReadProcessMemory o WriteProcessMemory. (0x12B)
[0813/155215.747:ERROR:process_memory_win.cc(73)] ReadMemory at 0x2a938a0 of 66 bytes failed: Solo se completó una parte de una solicitud ReadProcessMemory o WriteProcessMemory. (0x12B)
[0813/155215.747:ERROR:process_memory_win.cc(73)] ReadMemory at 0x2a93a48 of 60 bytes failed: Solo se completó una parte de una solicitud ReadProcessMemory o WriteProcessMemory. (0x12B)
[0813/155215.748:ERROR:process_memory_win.cc(73)] ReadMemory at 0x2a93ad8 of 62 bytes failed: Solo se completó una parte de una solicitud ReadProcessMemory o WriteProcessMemory. (0x12B)
[0813/155215.748:ERROR:process_memory_win.cc(73)] ReadMemory at 0x2a93b20 of 62 bytes failed: Solo se completó una parte de una solicitud ReadProcessMemory o WriteProcessMemory. (0x12B)
[0813/155215.749:ERROR:process_memory_win.cc(73)] ReadMemory at 0x2a93c88 of 60 bytes failed: Solo se completó una parte de una solicitud ReadProcessMemory o WriteProcessMemory. (0x12B)
[0813/155215.750:ERROR:process_memory_win.cc(73)] ReadMemory at 0x2a93d18 of 60 bytes failed: Solo se completó una parte de una solicitud ReadProcessMemory o WriteProcessMemory. (0x12B)
[0813/155215.751:ERROR:process_memory_win.cc(73)] ReadMemory at 0x2a93d60 of 62 bytes failed: Solo se completó una parte de una solicitud ReadProcessMemory o WriteProcessMemory. (0x12B)
[0813/155215.751:ERROR:process_memory_win.cc(73)] ReadMemory at 0x2a93e38 of 62 bytes failed: Solo se completó una parte de una solicitud ReadProcessMemory o WriteProcessMemory. (0x12B)
[0813/155215.752:ERROR:process_memory_win.cc(73)] ReadMemory at 0x2a93ec8 of 62 bytes failed: Solo se completó una parte de una solicitud ReadProcessMemory o WriteProcessMemory. (0x12B)
[0813/155215.758:ERROR:process_memory_win.cc(73)] ReadMemory at 0x2a93f10 of 62 bytes failed: Solo se completó una parte de una solicitud ReadProcessMemory o WriteProcessMemory. (0x12B)
[0813/155215.759:ERROR:process_memory_win.cc(73)] ReadMemory at 0x2a93fe8 of 58 bytes failed: Solo se completó una parte de una solicitud ReadProcessMemory o WriteProcessMemory. (0x12B)
[0813/155215.760:ERROR:process_memory_win.cc(73)] ReadMemory at 0x2a94030 of 62 bytes failed: Solo se completó una parte de una solicitud ReadProcessMemory o WriteProcessMemory. (0x12B)
[0813/155215.760:ERROR:process_memory_win.cc(73)] ReadMemory at 0x2a940c0 of 60 bytes failed: Solo se completó una parte de una solicitud ReadProcessMemory o WriteProcessMemory. (0x12B)
[0813/155215.761:ERROR:process_memory_win.cc(73)] ReadMemory at 0x2a959b0 of 72 bytes failed: Solo se completó una parte de una solicitud ReadProcessMemory o WriteProcessMemory. (0x12B)
[0813/155215.761:ERROR:process_memory_win.cc(73)] ReadMemory at 0x2a95db8 of 72 bytes failed: Solo se completó una parte de una solicitud ReadProcessMemory o WriteProcessMemory. (0x12B)
[0813/155215.761:ERROR:process_memory_win.cc(73)] ReadMemory at 0x2a96ce8 of 32 bytes failed: Solo se completó una parte de una solicitud ReadProcessMemory o WriteProcessMemory. (0x12B)
[0813/155215.762:ERROR:process_memory_win.cc(73)] ReadMemory at 0x2a96d38 of 32 bytes failed: Solo se completó una parte de una solicitud ReadProcessMemory o WriteProcessMemory. (0x12B)
[0813/155215.762:ERROR:process_memory_win.cc(73)] ReadMemory at 0x2a971d8 of 76 bytes failed: Solo se completó una parte de una solicitud ReadProcessMemory o WriteProcessMemory. (0x12B)
[0813/155215.762:ERROR:process_memory_win.cc(73)] ReadMemory at 0x2a9a0f0 of 24 bytes failed: Solo se completó una parte de una solicitud ReadProcessMemory o WriteProcessMemory. (0x12B)
[0813/155215.763:ERROR:process_memory_win.cc(73)] ReadMemory at 0x2a9a3f0 of 54 bytes failed: Solo se completó una parte de una solicitud ReadProcessMemory o WriteProcessMemory. (0x12B)
[0813/155215.763:ERROR:process_memory_win.cc(73)] ReadMemory at 0x2a9b430 of 72 bytes failed: Solo se completó una parte de una solicitud ReadProcessMemory o WriteProcessMemory. (0x12B)
[0813/155215.763:ERROR:process_memory_win.cc(73)] ReadMemory at 0x2a9b4e0 of 72 bytes failed: Solo se completó una parte de una solicitud ReadProcessMemory o WriteProcessMemory. (0x12B)
[0813/155215.763:ERROR:process_memory_win.cc(73)] ReadMemory at 0x2a9b590 of 72 bytes failed: Solo se completó una parte de una solicitud ReadProcessMemory o WriteProcessMemory. (0x12B)
[0813/155215.765:ERROR:process_memory_win.cc(73)] ReadMemory at 0x2a9b640 of 72 bytes failed: Solo se completó una parte de una solicitud ReadProcessMemory o WriteProcessMemory. (0x12B)
[0813/155215.765:ERROR:process_memory_win.cc(73)] ReadMemory at 0x2a9b6f0 of 72 bytes failed: Solo se completó una parte de una solicitud ReadProcessMemory o WriteProcessMemory. (0x12B)
[0813/155215.766:ERROR:process_memory_win.cc(73)] ReadMemory at 0x2a9b7a0 of 72 bytes failed: Solo se completó una parte de una solicitud ReadProcessMemory o WriteProcessMemory. (0x12B)
[0813/155215.766:ERROR:process_memory_win.cc(73)] ReadMemory at 0x2a9b850 of 72 bytes failed: Solo se completó una parte de una solicitud ReadProcessMemory o WriteProcessMemory. (0x12B)
[0813/155215.766:ERROR:process_memory_win.cc(73)] ReadMemory at 0x2a9b900 of 72 bytes failed: Solo se completó una parte de una solicitud ReadProcessMemory o WriteProcessMemory. (0x12B)
[0813/155215.767:ERROR:process_memory_win.cc(73)] ReadMemory at 0x2a9b9b0 of 72 bytes failed: Solo se completó una parte de una solicitud ReadProcessMemory o WriteProcessMemory. (0x12B)
[0813/155215.767:ERROR:process_memory_win.cc(73)] ReadMemory at 0x2a9ba60 of 72 bytes failed: Solo se completó una parte de una solicitud ReadProcessMemory o WriteProcessMemory. (0x12B)
[0813/155215.767:ERROR:process_memory_win.cc(73)] ReadMemory at 0x2a9bb10 of 72 bytes failed: Solo se completó una parte de una solicitud ReadProcessMemory o WriteProcessMemory. (0x12B)
[0813/155215.768:ERROR:process_memory_win.cc(73)] ReadMemory at 0x2a9bbc0 of 72 bytes failed: Solo se completó una parte de una solicitud ReadProcessMemory o WriteProcessMemory. (0x12B)
[0813/155215.768:ERROR:process_memory_win.cc(73)] ReadMemory at 0x2a9bc70 of 72 bytes failed: Solo se completó una parte de una solicitud ReadProcessMemory o WriteProcessMemory. (0x12B)
[0813/155215.768:ERROR:process_memory_win.cc(73)] ReadMemory at 0x2a9bd20 of 72 bytes failed: Solo se completó una parte de una solicitud ReadProcessMemory o WriteProcessMemory. (0x12B)
[0813/155215.774:ERROR:process_memory_win.cc(73)] ReadMemory at 0x2a9bdd0 of 72 bytes failed: Solo se completó una parte de una solicitud ReadProcessMemory o WriteProcessMemory. (0x12B)
[0813/155215.774:ERROR:process_memory_win.cc(73)] ReadMemory at 0x2a9be80 of 72 bytes failed: Solo se completó una parte de una solicitud ReadProcessMemory o WriteProcessMemory. (0x12B)
[0813/155215.774:ERROR:process_memory_win.cc(73)] ReadMemory at 0x2a9bf30 of 72 bytes failed: Solo se completó una parte de una solicitud ReadProcessMemory o WriteProcessMemory. (0x12B)
[0813/155215.774:ERROR:process_memory_win.cc(73)] ReadMemory at 0x2a9bfe0 of 72 bytes failed: Solo se completó una parte de una solicitud ReadProcessMemory o WriteProcessMemory. (0x12B)
[0813/155215.775:ERROR:process_memory_win.cc(73)] ReadMemory at 0x2a9c140 of 72 bytes failed: Solo se completó una parte de una solicitud ReadProcessMemory o WriteProcessMemory. (0x12B)
[0813/155215.775:ERROR:process_memory_win.cc(73)] ReadMemory at 0x2a9c1f0 of 72 bytes failed: Solo se completó una parte de una solicitud ReadProcessMemory o WriteProcessMemory. (0x12B)
[0813/155215.776:ERROR:process_memory_win.cc(73)] ReadMemory at 0x2a9c2a0 of 72 bytes failed: Solo se completó una parte de una solicitud ReadProcessMemory o WriteProcessMemory. (0x12B)
[0813/155215.776:ERROR:process_memory_win.cc(73)] ReadMemory at 0x2a9c350 of 72 bytes failed: Solo se completó una parte de una solicitud ReadProcessMemory o WriteProcessMemory. (0x12B)
[0813/155215.776:ERROR:process_memory_win.cc(73)] ReadMemory at 0x2a9ca58 of 64 bytes failed: Solo se completó una parte de una solicitud ReadProcessMemory o WriteProcessMemory. (0x12B)
[0813/155215.776:ERROR:process_memory_win.cc(73)] ReadMemory at 0x2a9cd78 of 64 bytes failed: Solo se completó una parte de una solicitud ReadProcessMemory o WriteProcessMemory. (0x12B)
[0813/155215.777:ERROR:process_memory_win.cc(73)] ReadMemory at 0x2a9ce18 of 66 bytes failed: Solo se completó una parte de una solicitud ReadProcessMemory o WriteProcessMemory. (0x12B)
[0813/155215.777:ERROR:process_memory_win.cc(73)] ReadMemory at 0x2a9cf58 of 64 bytes failed: Solo se completó una parte de una solicitud ReadProcessMemory o WriteProcessMemory. (0x12B)
[0813/155215.777:ERROR:process_memory_win.cc(73)] ReadMemory at 0x2a9d188 of 64 bytes failed: Solo se completó una parte de una solicitud ReadProcessMemory o WriteProcessMemory. (0x12B)
[0813/155215.863:ERROR:process_memory_win.cc(73)] ReadMemory at 0x2a9f750 of 80 bytes failed: Solo se completó una parte de una solicitud ReadProcessMemory o WriteProcessMemory. (0x12B)
[0813/155215.864:ERROR:process_memory_win.cc(73)] ReadMemory at 0x2a9fa48 of 62 bytes failed: Solo se completó una parte de una solicitud ReadProcessMemory o WriteProcessMemory. (0x12B)
[0813/155215.864:ERROR:process_memory_win.cc(73)] ReadMemory at 0x2a9fbb0 of 62 bytes failed: Solo se completó una parte de una solicitud ReadProcessMemory o WriteProcessMemory. (0x12B)
[0813/155215.864:ERROR:process_memory_win.cc(73)] ReadMemory at 0x2a9fd18 of 60 bytes failed: Solo se completó una parte de una solicitud ReadProcessMemory o WriteProcessMemory. (0x12B)
[0813/155215.865:ERROR:process_memory_win.cc(73)] ReadMemory at 0x2a9fd60 of 60 bytes failed: Solo se completó una parte de una solicitud ReadProcessMemory o WriteProcessMemory. (0x12B)
[0813/155215.865:ERROR:process_memory_win.cc(73)] ReadMemory at 0x2a9ff10 of 62 bytes failed: Solo se completó una parte de una solicitud ReadProcessMemory o WriteProcessMemory. (0x12B)
[0813/155215.866:ERROR:process_memory_win.cc(73)] ReadMemory at 0x2aa0030 of 60 bytes failed: Solo se completó una parte de una solicitud ReadProcessMemory o WriteProcessMemory. (0x12B)
[0813/155215.866:ERROR:process_memory_win.cc(73)] ReadMemory at 0x2aa00c0 of 60 bytes failed: Solo se completó una parte de una solicitud ReadProcessMemory o WriteProcessMemory. (0x12B)
[0813/155215.866:ERROR:process_memory_win.cc(73)] ReadMemory at 0x2aa0108 of 60 bytes failed: Solo se completó una parte de una solicitud ReadProcessMemory o WriteProcessMemory. (0x12B)
[0813/155215.879:ERROR:process_memory_win.cc(73)] ReadMemory at 0x2aa2038 of 72 bytes failed: Solo se completó una parte de una solicitud ReadProcessMemory o WriteProcessMemory. (0x12B)
[0813/155215.881:ERROR:process_memory_win.cc(73)] ReadMemory at 0x2aa25b8 of 72 bytes failed: Solo se completó una parte de una solicitud ReadProcessMemory o WriteProcessMemory. (0x12B)
[0813/155215.881:ERROR:process_memory_win.cc(73)] ReadMemory at 0x2aa2c98 of 72 bytes failed: Solo se completó una parte de una solicitud ReadProcessMemory o WriteProcessMemory. (0x12B)
[0813/155215.881:ERROR:process_memory_win.cc(73)] ReadMemory at 0x2ac0188 of 512 bytes failed: Solo se completó una parte de una solicitud ReadProcessMemory o WriteProcessMemory. (0x12B)
[0813/155215.883:ERROR:process_memory_win.cc(73)] ReadMemory at 0x2aca310 of 512 bytes failed: Solo se completó una parte de una solicitud ReadProcessMemory o WriteProcessMemory. (0x12B)
[0813/155215.883:ERROR:process_memory_win.cc(73)] ReadMemory at 0x2aca5b8 of 112 bytes failed: Solo se completó una parte de una solicitud ReadProcessMemory o WriteProcessMemory. (0x12B)
[0813/155215.884:ERROR:process_memory_win.cc(73)] ReadMemory at 0x2adc1f0 of 512 bytes failed: Solo se completó una parte de una solicitud ReadProcessMemory o WriteProcessMemory. (0x12B)
[0813/155215.884:ERROR:process_memory_win.cc(73)] ReadMemory at 0x2b062b0 of 512 bytes failed: Solo se completó una parte de una solicitud ReadProcessMemory o WriteProcessMemory. (0x12B)
[0813/155215.884:ERROR:process_memory_win.cc(73)] ReadMemory at 0x2f60258 of 24 bytes failed: Solo se completó una parte de una solicitud ReadProcessMemory o WriteProcessMemory. (0x12B)
[0813/155215.886:ERROR:process_memory_win.cc(73)] ReadMemory at 0x487c430 of 512 bytes failed: Solo se completó una parte de una solicitud ReadProcessMemory o WriteProcessMemory. (0x12B)
[0813/155215.887:ERROR:process_memory_win.cc(73)] ReadMemory at 0x49201c4 of 512 bytes failed: Solo se completó una parte de una solicitud ReadProcessMemory o WriteProcessMemory. (0x12B)
[0813/155215.887:ERROR:process_memory_win.cc(73)] ReadMemory at 0x5299f58 of 24 bytes failed: Solo se completó una parte de una solicitud ReadProcessMemory o WriteProcessMemory. (0x12B)
[0813/155215.887:ERROR:process_memory_win.cc(73)] ReadMemory at 0x5f29400 of 32 bytes failed: Solo se completó una parte de una solicitud ReadProcessMemory o WriteProcessMemory. (0x12B)
[0813/155215.888:ERROR:process_memory_win.cc(73)] ReadMemory at 0x12448cd0 of 512 bytes failed: Solo se completó una parte de una solicitud ReadProcessMemory o WriteProcessMemory. (0x12B)
[0813/155215.982:ERROR:scoped_process_suspend.cc(40)] NtResumeProcess: Se intentó obtener acceso a un proceso que está cerrándose. (0xc000010a)
[1012/223056.556:ERROR:settings.cc(430)] Settings version is not 5
[1012/224056.658:ERROR:directory_reader_win.cc(43)] FindFirstFile: El sistema no puede encontrar la ruta especificada. (0x3)
[1021/161150.095:ERROR:directory_reader_win.cc(43)] FindFirstFile: El sistema no puede encontrar la ruta especificada. (0x3)
[1022/163009.007:ERROR:directory_reader_win.cc(43)] FindFirstFile: El sistema no puede encontrar la ruta especificada. (0x3)
